SF:lib\app.dart
DA:9,1
DA:11,1
DA:13,1
DA:16,1
DA:17,1
DA:20,1
DA:21,1
DA:22,0
DA:23,0
DA:24,0
LF:10
LH:7
end_of_record
SF:lib\screens\welcome\welcome_screen.dart
DA:9,1
DA:11,1
DA:13,1
DA:18,1
DA:20,1
DA:21,1
DA:23,1
DA:24,1
DA:26,1
DA:28,1
DA:32,1
DA:34,1
DA:35,1
DA:36,1
DA:39,1
DA:40,1
DA:42,1
DA:50,1
DA:53,1
DA:55,1
DA:58,1
DA:61,1
DA:63,1
DA:77,1
DA:79,1
DA:81,1
DA:82,1
DA:83,1
DA:85,1
DA:86,1
DA:87,1
DA:88,1
DA:89,1
DA:91,1
DA:96,0
DA:97,0
DA:133,1
DA:135,1
DA:137,1
DA:140,1
DA:141,0
DA:142,0
DA:143,0
DA:145,1
DA:147,1
DA:148,1
LF:46
LH:41
end_of_record
SF:lib\screens\auth\login_screen.dart
DA:4,1
DA:6,0
DA:8,0
DA:9,0
DA:10,0
DA:12,0
DA:14,0
DA:15,0
DA:17,0
DA:22,0
DA:23,0
DA:25,0
LF:12
LH:1
end_of_record
SF:lib\screens\auth\register_screen.dart
DA:4,1
DA:6,0
DA:8,0
DA:9,0
DA:10,0
DA:12,0
DA:14,0
DA:15,0
DA:17,0
DA:19,0
DA:24,0
DA:25,0
DA:27,0
LF:13
LH:1
end_of_record
SF:lib\screens\home\home_screen.dart
DA:4,1
DA:6,0
DA:8,0
DA:9,0
DA:10,0
DA:11,0
DA:13,0
DA:16,0
DA:17,0
LF:9
LH:1
end_of_record
SF:lib\theme\app_theme.dart
DA:4,3
DA:15,3
LF:2
LH:2
end_of_record
