SF:lib\app.dart
DA:10,1
DA:12,1
DA:14,1
DA:17,1
DA:18,1
DA:21,1
DA:22,1
DA:23,1
DA:24,0
DA:25,0
DA:26,0
LF:11
LH:8
end_of_record
SF:lib\screens\welcome\welcome_screen.dart
DA:9,1
DA:11,1
DA:13,3
DA:14,1
DA:20,1
DA:22,1
DA:23,2
DA:24,1
DA:25,1
DA:27,1
DA:28,1
DA:30,1
DA:32,1
DA:36,1
DA:38,1
DA:39,1
DA:40,1
DA:43,1
DA:44,1
DA:46,1
DA:49,3
DA:56,1
DA:58,1
DA:60,1
DA:62,3
DA:66,1
DA:68,1
DA:70,1
DA:84,1
DA:86,1
DA:88,1
DA:89,1
DA:90,1
DA:92,1
DA:93,1
DA:94,1
DA:95,1
DA:96,1
DA:98,1
DA:103,0
DA:104,0
DA:140,1
DA:142,1
DA:144,1
DA:147,1
DA:148,0
DA:149,0
DA:150,0
DA:152,1
DA:154,1
DA:155,1
LF:51
LH:46
end_of_record
SF:lib\screens\auth\login_screen.dart
DA:4,1
DA:6,0
DA:8,0
DA:9,0
DA:10,0
DA:12,0
DA:14,0
DA:15,0
DA:17,0
DA:22,0
DA:23,0
DA:25,0
LF:12
LH:1
end_of_record
SF:lib\screens\auth\register_screen.dart
DA:4,1
DA:6,0
DA:8,0
DA:9,0
DA:10,0
DA:12,0
DA:14,0
DA:15,0
DA:17,0
DA:19,0
DA:24,0
DA:25,0
DA:27,0
LF:13
LH:1
end_of_record
SF:lib\screens\home\home_screen.dart
DA:4,1
DA:6,0
DA:8,0
DA:9,0
DA:10,0
DA:11,0
DA:13,0
DA:16,0
DA:17,0
LF:9
LH:1
end_of_record
SF:lib\screens\splash\splash_screen.dart
DA:6,1
DA:8,1
DA:9,1
DA:18,1
DA:20,1
DA:21,2
DA:26,2
DA:27,1
DA:30,2
DA:32,2
DA:33,0
DA:37,1
DA:39,2
DA:40,2
DA:41,1
DA:44,1
DA:46,1
DA:47,1
DA:48,1
DA:49,1
DA:50,1
DA:51,1
DA:52,1
DA:54,1
DA:55,1
DA:58,1
DA:59,1
DA:61,1
DA:62,1
DA:63,2
DA:83,1
DA:84,3
DA:85,1
DA:87,2
LF:34
LH:33
end_of_record
SF:lib\theme\app_theme.dart
DA:4,3
DA:15,3
LF:2
LH:2
end_of_record
